<?xml version="1.0" encoding="UTF-8"?>
<!-- Generated by org.testng.reporters.JUnitReportReporter -->
<testsuite skipped="0" hostname="DESKTOP-RJ6DHNB" name="jenkins.OneTest" tests="2" failures="0" timestamp="2020-10-24T19:08:36 IST" time="0.016" errors="0">
  <testcase name="testMethodsOne" time="0.007" classname="jenkins.OneTest"/>
  <testcase name="testMethodsTwo" time="0.009" classname="jenkins.OneTest"/>
</testsuite> <!-- jenkins.OneTest -->
